# JRE version: Java(TM) SE Runtime Environment (8.0_66-b17) (build 1.8.0_66-b17)
# Java VM: Java HotSpot(TM) 64-Bit Server VM (25.66-b17 mixed mode linux-amd64 compressed oops)
Heap:
 PSYoungGen      total 729088K, used 101868K [0x000000076ab00000, 0x000000079d680000, 0x00000007c0000000)
  eden space 627200K, 0% used [0x000000076ab00000,0x000000076ab00000,0x0000000790f80000)
  from space 101888K, 99% used [0x0000000790f80000,0x00000007972fb0c8,0x0000000797300000)
  to   space 91648K, 0% used [0x0000000797500000,0x0000000797500000,0x000000079ce80000)
 ParOldGen       total 303616K, used 303341K [0x00000006c0000000, 0x00000006d2880000, 0x000000076ab00000)
  object space 303616K, 99% used [0x00000006c0000000,0x00000006d283b5d8,0x00000006d2880000)
 Metaspace       used 6607K, capacity 7320K, committed 7680K, reserved 1056768K
  class space    used 616K, capacity 656K, committed 768K, reserved 1048576K
GC Heap History (10 events):
Event: 11.129 GC heap after
Heap after GC invocations=11 (full 1):
 PSYoungGen      total 539648K, used 61924K [0x000000076ab00000, 0x0000000792680000, 0x00000007c0000000)
  eden space 477696K, 0% used [0x000000076ab00000,0x000000076ab00000,0x0000000787d80000)
  from space 61952K, 99% used [0x000000078cd80000,0x00000007909f9290,0x0000000790a00000)
  to   space 81920K, 0% used [0x0000000787d80000,0x0000000787d80000,0x000000078cd80000)
 ParOldGen       total 114688K, used 111059K [0x00000006c0000000, 0x00000006c7000000, 0x000000076ab00000)
  object space 114688K, 96% used [0x00000006c0000000,0x00000006c6c74d50,0x00000006c7000000)
 Metaspace       used 6560K, capacity 7320K, committed 7680K, reserved 1056768K
  class space    used 614K, capacity 656K, committed 768K, reserved 1048576K
}
Event: 11.130 GC heap before
{Heap before GC invocations=12 (full 2):
 PSYoungGen      total 539648K, used 61924K [0x000000076ab00000, 0x0000000792680000, 0x00000007c0000000)
  eden space 477696K, 0% used [0x000000076ab00000,0x000000076ab00000,0x0000000787d80000)
  from space 61952K, 99% used [0x000000078cd80000,0x00000007909f9290,0x0000000790a00000)
  to   space 81920K, 0% used [0x0000000787d80000,0x0000000787d80000,0x000000078cd80000)
 ParOldGen       total 114688K, used 111059K [0x00000006c0000000, 0x00000006c7000000, 0x000000076ab00000)
  object space 114688K, 96% used [0x00000006c0000000,0x00000006c6c74d50,0x00000006c7000000)
 Metaspace       used 6560K, capacity 7320K, committed 7680K, reserved 1056768K
  class space    used 614K, capacity 656K, committed 768K, reserved 1048576K
Event: 11.779 GC heap after
Heap after GC invocations=12 (full 2):
 PSYoungGen      total 539648K, used 50515K [0x000000076ab00000, 0x0000000792680000, 0x00000007c0000000)
  eden space 477696K, 0% used [0x000000076ab00000,0x000000076ab00000,0x0000000787d80000)
  from space 61952K, 81% used [0x000000078cd80000,0x000000078fed4d48,0x0000000790a00000)
  to   space 81920K, 0% used [0x0000000787d80000,0x0000000787d80000,0x000000078cd80000)
 ParOldGen       total 190976K, used 114440K [0x00000006c0000000, 0x00000006cba80000, 0x000000076ab00000)
  object space 190976K, 59% used [0x00000006c0000000,0x00000006c6fc2100,0x00000006cba80000)
 Metaspace       used 6560K, capacity 7320K, committed 7680K, reserved 1056768K
  class space    used 614K, capacity 656K, committed 768K, reserved 1048576K
}
Event: 15.784 GC heap before
{Heap before GC invocations=13 (full 2):
 PSYoungGen      total 539648K, used 528211K [0x000000076ab00000, 0x0000000792680000, 0x00000007c0000000)
  eden space 477696K, 100% used [0x000000076ab00000,0x0000000787d80000,0x0000000787d80000)
  from space 61952K, 81% used [0x000000078cd80000,0x000000078fed4d48,0x0000000790a00000)
  to   space 81920K, 0% used [0x0000000787d80000,0x0000000787d80000,0x000000078cd80000)
 ParOldGen       total 190976K, used 114440K [0x00000006c0000000, 0x00000006cba80000, 0x000000076ab00000)
  object space 190976K, 59% used [0x00000006c0000000,0x00000006c6fc2100,0x00000006cba80000)
 Metaspace       used 6585K, capacity 7320K, committed 7680K, reserved 1056768K
  class space    used 615K, capacity 656K, committed 768K, reserved 1048576K
Event: 16.320 GC heap after
Heap after GC invocations=13 (full 2):
 PSYoungGen      total 559616K, used 68903K [0x000000076ab00000, 0x000000079ce80000, 0x00000007c0000000)
  eden space 477696K, 0% used [0x000000076ab00000,0x000000076ab00000,0x0000000787d80000)
  from space 81920K, 84% used [0x0000000787d80000,0x000000078c0c9f48,0x000000078cd80000)
  to   space 91648K, 0% used [0x0000000797500000,0x0000000797500000,0x000000079ce80000)
 ParOldGen       total 190976K, used 165308K [0x00000006c0000000, 0x00000006cba80000, 0x000000076ab00000)
  object space 190976K, 86% used [0x00000006c0000000,0x00000006ca16f198,0x00000006cba80000)
 Metaspace       used 6585K, capacity 7320K, committed 7680K, reserved 1056768K
  class space    used 615K, capacity 656K, committed 768K, reserved 1048576K
}
Event: 16.320 GC heap before
{Heap before GC invocations=14 (full 3):
 PSYoungGen      total 559616K, used 68903K [0x000000076ab00000, 0x000000079ce80000, 0x00000007c0000000)
  eden space 477696K, 0% used [0x000000076ab00000,0x000000076ab00000,0x0000000787d80000)
  from space 81920K, 84% used [0x0000000787d80000,0x000000078c0c9f48,0x000000078cd80000)
  to   space 91648K, 0% used [0x0000000797500000,0x0000000797500000,0x000000079ce80000)
 ParOldGen       total 190976K, used 165308K [0x00000006c0000000, 0x00000006cba80000, 0x000000076ab00000)
  object space 190976K, 86% used [0x00000006c0000000,0x00000006ca16f198,0x00000006cba80000)
 Metaspace       used 6585K, capacity 7320K, committed 7680K, reserved 1056768K
  class space    used 615K, capacity 656K, committed 768K, reserved 1048576K
Event: 17.183 GC heap after
Heap after GC invocations=14 (full 3):
 PSYoungGen      total 559616K, used 40881K [0x000000076ab00000, 0x000000079ce80000, 0x00000007c0000000)
  eden space 477696K, 0% used [0x000000076ab00000,0x000000076ab00000,0x0000000787d80000)
  from space 81920K, 49% used [0x0000000787d80000,0x000000078a56c610,0x000000078cd80000)
  to   space 91648K, 0% used [0x0000000797500000,0x0000000797500000,0x000000079ce80000)
 ParOldGen       total 294912K, used 190945K [0x00000006c0000000, 0x00000006d2000000, 0x000000076ab00000)
  object space 294912K, 64% used [0x00000006c0000000,0x00000006cba785b8,0x00000006d2000000)
 Metaspace       used 6585K, capacity 7320K, committed 7680K, reserved 1056768K
  class space    used 615K, capacity 656K, committed 768K, reserved 1048576K
}
Event: 22.065 GC heap before
{Heap before GC invocations=15 (full 3):
 PSYoungGen      total 559616K, used 518577K [0x000000076ab00000, 0x000000079ce80000, 0x00000007c0000000)
  eden space 477696K, 100% used [0x000000076ab00000,0x0000000787d80000,0x0000000787d80000)
  from space 81920K, 49% used [0x0000000787d80000,0x000000078a56c610,0x000000078cd80000)
  to   space 91648K, 0% used [0x0000000797500000,0x0000000797500000,0x000000079ce80000)
 ParOldGen       total 294912K, used 190945K [0x00000006c0000000, 0x00000006d2000000, 0x000000076ab00000)
  object space 294912K, 64% used [0x00000006c0000000,0x00000006cba785b8,0x00000006d2000000)
 Metaspace       used 6603K, capacity 7320K, committed 7680K, reserved 1056768K
  class space    used 616K, capacity 656K, committed 768K, reserved 1048576K
Event: 23.009 GC heap after
Heap after GC invocations=15 (full 3):
 PSYoungGen      total 718848K, used 75669K [0x000000076ab00000, 0x000000079d680000, 0x00000007c0000000)
  eden space 627200K, 0% used [0x000000076ab00000,0x000000076ab00000,0x0000000790f80000)
  from space 91648K, 82% used [0x0000000797500000,0x000000079bee5640,0x000000079ce80000)
  to   space 101888K, 0% used [0x0000000790f80000,0x0000000790f80000,0x0000000797300000)
 ParOldGen       total 294912K, used 228971K [0x00000006c0000000, 0x00000006d2000000, 0x000000076ab00000)
  object space 294912K, 77% used [0x00000006c0000000,0x00000006cdf9ae98,0x00000006d2000000)
 Metaspace       used 6603K, capacity 7320K, committed 7680K, reserved 1056768K
  class space    used 616K, capacity 656K, committed 768K, reserved 1048576K
}
Event: 31.973 GC heap before
{Heap before GC invocations=16 (full 3):
 PSYoungGen      total 718848K, used 702869K [0x000000076ab00000, 0x000000079d680000, 0x00000007c0000000)
  eden space 627200K, 100% used [0x000000076ab00000,0x0000000790f80000,0x0000000790f80000)
  from space 91648K, 82% used [0x0000000797500000,0x000000079bee5640,0x000000079ce80000)
  to   space 101888K, 0% used [0x0000000790f80000,0x0000000790f80000,0x0000000797300000)
 ParOldGen       total 294912K, used 228971K [0x00000006c0000000, 0x00000006d2000000, 0x000000076ab00000)
  object space 294912K, 77% used [0x00000006c0000000,0x00000006cdf9ae98,0x00000006d2000000)
 Metaspace       used 6607K, capacity 7320K, committed 7680K, reserved 1056768K
  class space    used 616K, capacity 656K, committed 768K, reserved 1048576K

