# JRE version: Java(TM) SE Runtime Environment (8.0_66-b17) (build 1.8.0_66-b17)
# Java VM: Java HotSpot(TM) 64-Bit Server VM (25.66-b17 mixed mode linux-amd64 compressed oops)
Heap:
 PSYoungGen      total 785920K, used 128500K [0x000000076ab00000, 0x00000007a3900000, 0x00000007c0000000)
  eden space 657408K, 0% used [0x000000076ab00000,0x000000076ab00000,0x0000000792d00000)
  from space 128512K, 99% used [0x0000000792d00000,0x000000079aa7d158,0x000000079aa80000)
  to   space 121856K, 0% used [0x000000079aa80000,0x000000079aa80000,0x00000007a2180000)
 ParOldGen       total 500736K, used 495138K [0x00000006c0000000, 0x00000006de900000, 0x000000076ab00000)
  object space 500736K, 98% used [0x00000006c0000000,0x00000006de388b48,0x00000006de900000)
 Metaspace       used 6586K, capacity 7320K, committed 7680K, reserved 1056768K
  class space    used 616K, capacity 656K, committed 768K, reserved 1048576K
GC Heap History (10 events):
Event: 14.111 GC heap after
Heap after GC invocations=14 (full 2):
 PSYoungGen      total 586240K, used 88058K [0x000000076ab00000, 0x000000079ce80000, 0x00000007c0000000)
  eden space 498176K, 0% used [0x000000076ab00000,0x000000076ab00000,0x0000000789180000)
  from space 88064K, 99% used [0x0000000790280000,0x000000079587e8c8,0x0000000795880000)
  to   space 115712K, 0% used [0x0000000789180000,0x0000000789180000,0x0000000790280000)
 ParOldGen       total 210432K, used 198766K [0x00000006c0000000, 0x00000006ccd80000, 0x000000076ab00000)
  object space 210432K, 94% used [0x00000006c0000000,0x00000006cc21baa0,0x00000006ccd80000)
 Metaspace       used 6570K, capacity 7320K, committed 7680K, reserved 1056768K
  class space    used 615K, capacity 656K, committed 768K, reserved 1048576K
}
Event: 14.111 GC heap before
{Heap before GC invocations=15 (full 3):
 PSYoungGen      total 586240K, used 88058K [0x000000076ab00000, 0x000000079ce80000, 0x00000007c0000000)
  eden space 498176K, 0% used [0x000000076ab00000,0x000000076ab00000,0x0000000789180000)
  from space 88064K, 99% used [0x0000000790280000,0x000000079587e8c8,0x0000000795880000)
  to   space 115712K, 0% used [0x0000000789180000,0x0000000789180000,0x0000000790280000)
 ParOldGen       total 210432K, used 198766K [0x00000006c0000000, 0x00000006ccd80000, 0x000000076ab00000)
  object space 210432K, 94% used [0x00000006c0000000,0x00000006cc21baa0,0x00000006ccd80000)
 Metaspace       used 6570K, capacity 7320K, committed 7680K, reserved 1056768K
  class space    used 615K, capacity 656K, committed 768K, reserved 1048576K
Event: 16.879 GC heap after
Heap after GC invocations=15 (full 3):
 PSYoungGen      total 586240K, used 73997K [0x000000076ab00000, 0x000000079ce80000, 0x00000007c0000000)
  eden space 498176K, 0% used [0x000000076ab00000,0x000000076ab00000,0x0000000789180000)
  from space 88064K, 84% used [0x0000000790280000,0x0000000794ac3780,0x0000000795880000)
  to   space 115712K, 0% used [0x0000000789180000,0x0000000789180000,0x0000000790280000)
 ParOldGen       total 334848K, used 210004K [0x00000006c0000000, 0x00000006d4700000, 0x000000076ab00000)
  object space 334848K, 62% used [0x00000006c0000000,0x00000006ccd152b0,0x00000006d4700000)
 Metaspace       used 6570K, capacity 7320K, committed 7680K, reserved 1056768K
  class space    used 615K, capacity 656K, committed 768K, reserved 1048576K
}
Event: 18.936 GC heap before
{Heap before GC invocations=16 (full 3):
 PSYoungGen      total 586240K, used 572173K [0x000000076ab00000, 0x000000079ce80000, 0x00000007c0000000)
  eden space 498176K, 100% used [0x000000076ab00000,0x0000000789180000,0x0000000789180000)
  from space 88064K, 84% used [0x0000000790280000,0x0000000794ac3780,0x0000000795880000)
  to   space 115712K, 0% used [0x0000000789180000,0x0000000789180000,0x0000000790280000)
 ParOldGen       total 334848K, used 210004K [0x00000006c0000000, 0x00000006d4700000, 0x000000076ab00000)
  object space 334848K, 62% used [0x00000006c0000000,0x00000006ccd152b0,0x00000006d4700000)
 Metaspace       used 6581K, capacity 7320K, committed 7680K, reserved 1056768K
  class space    used 616K, capacity 656K, committed 768K, reserved 1048576K
Event: 20.563 GC heap after
Heap after GC invocations=16 (full 3):
 PSYoungGen      total 613888K, used 77500K [0x000000076ab00000, 0x00000007a2180000, 0x00000007c0000000)
  eden space 498176K, 0% used [0x000000076ab00000,0x000000076ab00000,0x0000000789180000)
  from space 115712K, 66% used [0x0000000789180000,0x000000078dd2f210,0x0000000790280000)
  to   space 121856K, 0% used [0x000000079aa80000,0x000000079aa80000,0x00000007a2180000)
 ParOldGen       total 334848K, used 284770K [0x00000006c0000000, 0x00000006d4700000, 0x000000076ab00000)
  object space 334848K, 85% used [0x00000006c0000000,0x00000006d1618948,0x00000006d4700000)
 Metaspace       used 6581K, capacity 7320K, committed 7680K, reserved 1056768K
  class space    used 616K, capacity 656K, committed 768K, reserved 1048576K
}
Event: 20.563 GC heap before
{Heap before GC invocations=17 (full 4):
 PSYoungGen      total 613888K, used 77500K [0x000000076ab00000, 0x00000007a2180000, 0x00000007c0000000)
  eden space 498176K, 0% used [0x000000076ab00000,0x000000076ab00000,0x0000000789180000)
  from space 115712K, 66% used [0x0000000789180000,0x000000078dd2f210,0x0000000790280000)
  to   space 121856K, 0% used [0x000000079aa80000,0x000000079aa80000,0x00000007a2180000)
 ParOldGen       total 334848K, used 284770K [0x00000006c0000000, 0x00000006d4700000, 0x000000076ab00000)
  object space 334848K, 85% used [0x00000006c0000000,0x00000006d1618948,0x00000006d4700000)
 Metaspace       used 6581K, capacity 7320K, committed 7680K, reserved 1056768K
  class space    used 616K, capacity 656K, committed 768K, reserved 1048576K
Event: 22.026 GC heap after
Heap after GC invocations=17 (full 4):
 PSYoungGen      total 613888K, used 22935K [0x000000076ab00000, 0x00000007a2180000, 0x00000007c0000000)
  eden space 498176K, 0% used [0x000000076ab00000,0x000000076ab00000,0x0000000789180000)
  from space 115712K, 19% used [0x0000000789180000,0x000000078a7e5e38,0x0000000790280000)
  to   space 121856K, 0% used [0x000000079aa80000,0x000000079aa80000,0x00000007a2180000)
 ParOldGen       total 500736K, used 334368K [0x00000006c0000000, 0x00000006de900000, 0x000000076ab00000)
  object space 500736K, 66% used [0x00000006c0000000,0x00000006d4688210,0x00000006de900000)
 Metaspace       used 6581K, capacity 7320K, committed 7680K, reserved 1056768K
  class space    used 616K, capacity 656K, committed 768K, reserved 1048576K
}
Event: 24.016 GC heap before
{Heap before GC invocations=18 (full 4):
 PSYoungGen      total 613888K, used 521111K [0x000000076ab00000, 0x00000007a2180000, 0x00000007c0000000)
  eden space 498176K, 100% used [0x000000076ab00000,0x0000000789180000,0x0000000789180000)
  from space 115712K, 19% used [0x0000000789180000,0x000000078a7e5e38,0x0000000790280000)
  to   space 121856K, 0% used [0x000000079aa80000,0x000000079aa80000,0x00000007a2180000)
 ParOldGen       total 500736K, used 334368K [0x00000006c0000000, 0x00000006de900000, 0x000000076ab00000)
  object space 500736K, 66% used [0x00000006c0000000,0x00000006d4688210,0x00000006de900000)
 Metaspace       used 6582K, capacity 7320K, committed 7680K, reserved 1056768K
  class space    used 616K, capacity 656K, committed 768K, reserved 1048576K
Event: 28.001 GC heap after
Heap after GC invocations=18 (full 4):
 PSYoungGen      total 779264K, used 82886K [0x000000076ab00000, 0x00000007a3900000, 0x00000007c0000000)
  eden space 657408K, 0% used [0x000000076ab00000,0x000000076ab00000,0x0000000792d00000)
  from space 121856K, 68% used [0x000000079aa80000,0x000000079fb718b0,0x00000007a2180000)
  to   space 128512K, 0% used [0x0000000792d00000,0x0000000792d00000,0x000000079aa80000)
 ParOldGen       total 500736K, used 354519K [0x00000006c0000000, 0x00000006de900000, 0x000000076ab00000)
  object space 500736K, 70% used [0x00000006c0000000,0x00000006d5a35db8,0x00000006de900000)
 Metaspace       used 6582K, capacity 7320K, committed 7680K, reserved 1056768K
  class space    used 616K, capacity 656K, committed 768K, reserved 1048576K
}
Event: 30.931 GC heap before
{Heap before GC invocations=19 (full 4):
 PSYoungGen      total 779264K, used 740294K [0x000000076ab00000, 0x00000007a3900000, 0x00000007c0000000)
  eden space 657408K, 100% used [0x000000076ab00000,0x0000000792d00000,0x0000000792d00000)
  from space 121856K, 68% used [0x000000079aa80000,0x000000079fb718b0,0x00000007a2180000)
  to   space 128512K, 0% used [0x0000000792d00000,0x0000000792d00000,0x000000079aa80000)
 ParOldGen       total 500736K, used 354519K [0x00000006c0000000, 0x00000006de900000, 0x000000076ab00000)
  object space 500736K, 70% used [0x00000006c0000000,0x00000006d5a35db8,0x00000006de900000)
 Metaspace       used 6586K, capacity 7320K, committed 7680K, reserved 1056768K
  class space    used 616K, capacity 656K, committed 768K, reserved 1048576K

